#
# A fatal error has been detected by the Java Runtime Environment:
#
#  EXCEPTION_ACCESS_VIOLATION (0xc0000005) at pc=0x0000000066b6227e, pid=27224, tid=0x00000000000055ec
#
# JRE version: Java(TM) SE Runtime Environment (8.0_261-b12) (build 1.8.0_261-b12)
# Java VM: Java HotSpot(TM) 64-Bit Server VM (25.261-b12 mixed mode windows-amd64 compressed oops)
# Problematic frame:
# V  [jvm.dll+0x14227e]
#
# Failed to write core dump. Minidumps are not enabled by default on client versions of Windows
#
# If you would like to submit a bug report, please visit:
#   http://bugreport.java.com/bugreport/crash.jsp
#

---------------  T H R E A D  ---------------

Current thread (0x0000017a67302800):  JavaThread "*** Profiler Agent Communication Thread" daemon [_thread_in_vm, id=21996, stack(0x00000023b3400000,0x00000023b3500000)]

siginfo: ExceptionCode=0xc0000005, reading address 0x0000000069b41748

Registers:
RAX=0x00000023b34ff101, RBX=0x0000017a67302800, RCX=0x0000000069b41748, RDX=0x0000017a67302800
RSP=0x00000023b34ff130, RBP=0x0000000069b41748, RSI=0x0000017a4b9612b0, RDI=0x00000023b34ff250
R8 =0x00000023b34ff250, R9 =0x0000000069b41748, R10=0x0000000000000001, R11=0x00000023b34fedb0
R12=0x0000017a693a9d00, R13=0x00000000000000da, R14=0x00007ff9a60e9c68, R15=0x00007ff9a60e9a60
RIP=0x0000000066b6227e, EFLAGS=0x0000000000010206

Top of Stack: (sp=0x00000023b34ff130)
0x00000023b34ff130:   00000023b34ff200 0000000066b8cae3
0x00000023b34ff140:   0000017a67302800 00000023b34ff2f8
0x00000023b34ff150:   0000017a67302800 0000000066d6bd1d
0x00000023b34ff160:   0000000000002210 0000017a67302800
0x00000023b34ff170:   0000017a673029f8 00007ff9ae10cb80
0x00000023b34ff180:   0000017a67302800 0000000000000000
0x00000023b34ff190:   0000017a00000000 0000000000000000
0x00000023b34ff1a0:   0000000069b41748 00007ff9a60e34da
0x00000023b34ff1b0:   0000000000000000 0000017a673029f8
0x00000023b34ff1c0:   0000017a65f92348 0000000000000039
0x00000023b34ff1d0:   0000017a693a9d00 0000017a67304300
0x00000023b34ff1e0:   0000017a66117fa0 0000017a67302800
0x00000023b34ff1f0:   0000017a66117fa0 0000017a67302800
0x00000023b34ff200:   0000017a4d3d7dc0 0000017a65f92348
0x00000023b34ff210:   0000017a67302800 0000017a66117fa0
0x00000023b34ff220:   0000000000000000 0000017a4d3d7dc0 

Instructions: (pc=0x0000000066b6227e)
0x0000000066b6225e:   cc cc 48 89 11 c3 cc cc cc cc cc cc cc cc cc cc
0x0000000066b6226e:   cc cc 40 53 48 83 ec 20 4c 8b c9 48 85 c9 74 50
0x0000000066b6227e:   48 8b 19 48 85 db 74 48 48 8b 43 08 48 8b 50 08
0x0000000066b6228e:   48 8b 42 18 48 85 c0 74 37 48 8b 80 90 00 00 00 


Register to memory mapping:

RAX=0x00000023b34ff101 is pointing into the stack for thread: 0x0000017a67302800
RBX=0x0000017a67302800 is a thread
RCX=0x0000000069b41748 is an unknown value
RDX=0x0000017a67302800 is a thread
RSP=0x00000023b34ff130 is pointing into the stack for thread: 0x0000017a67302800
RBP=0x0000000069b41748 is an unknown value
RSI=0x0000017a4b9612b0 is an unknown value
RDI=0x00000023b34ff250 is pointing into the stack for thread: 0x0000017a67302800
R8 =0x00000023b34ff250 is pointing into the stack for thread: 0x0000017a67302800
R9 =0x0000000069b41748 is an unknown value
R10=0x0000000000000001 is an unknown value
R11=0x00000023b34fedb0 is pointing into the stack for thread: 0x0000017a67302800
R12=0x0000017a693a9d00 is an unknown value
R13=0x00000000000000da is an unknown value
R14=0x00007ff9a60e9c68 is an unknown value
R15=0x00007ff9a60e9a60 is an unknown value


Stack: [0x00000023b3400000,0x00000023b3500000],  sp=0x00000023b34ff130,  free space=1020k
Native frames: (J=compiled Java code, j=interpreted, Vv=VM code, C=native code)
V  [jvm.dll+0x14227e]
V  [jvm.dll+0x34bd1d]
C  [profilerinterface.dll+0x34da]
C  0x0000017a4d3e9f4e

Java frames: (J=compiled Java code, j=interpreted, Vv=VM code)
j  org.netbeans.lib.profiler.server.system.Stacks.getMethodNamesForJMethodIds(I[I[I)[B+0
j  org.netbeans.lib.profiler.server.ProfilerInterface.getMethodNamesForJMethodIds([I)Lorg/netbeans/lib/profiler/wireprotocol/MethodNamesResponse;+20
j  org.netbeans.lib.profiler.server.ProfilerServer.handleClientCommand(Lorg/netbeans/lib/profiler/wireprotocol/Command;)V+691
j  org.netbeans.lib.profiler.server.ProfilerServer.listenToClient()V+48
j  org.netbeans.lib.profiler.server.ProfilerServer.run()V+22
v  ~StubRoutines::call_stub

---------------  P R O C E S S  ---------------

Java Threads: ( => current thread )
  0x0000017a68d68000 JavaThread "Service Thread" daemon [_thread_blocked, id=27472, stack(0x00000023b3c00000,0x00000023b3d00000)]
  0x0000017a68d67000 JavaThread "C1 CompilerThread3" daemon [_thread_blocked, id=8584, stack(0x00000023b3b00000,0x00000023b3c00000)]
  0x0000017a68d66800 JavaThread "C2 CompilerThread2" daemon [_thread_blocked, id=24148, stack(0x00000023b3a00000,0x00000023b3b00000)]
  0x0000017a68d65800 JavaThread "C2 CompilerThread1" daemon [_thread_blocked, id=27676, stack(0x00000023b3900000,0x00000023b3a00000)]
  0x0000017a68d71800 JavaThread "C2 CompilerThread0" daemon [_thread_blocked, id=28272, stack(0x00000023b3700000,0x00000023b3800000)]
  0x0000017a68d75000 JavaThread "*** Profiler Agent Special Execution Thread 10" daemon [_thread_blocked, id=23324, stack(0x00000023b3800000,0x00000023b3900000)]
  0x0000017a68c9e000 JavaThread "*** Profiler Agent Special Execution Thread 6" daemon [_thread_blocked, id=21428, stack(0x00000023b3600000,0x00000023b3700000)]
  0x0000017a68c9d800 JavaThread "*** JFluid Monitor thread ***" daemon [_thread_blocked, id=25540, stack(0x00000023b3500000,0x00000023b3600000)]
=>0x0000017a67302800 JavaThread "*** Profiler Agent Communication Thread" daemon [_thread_in_vm, id=21996, stack(0x00000023b3400000,0x00000023b3500000)]
  0x0000017a672de000 JavaThread "Attach Listener" daemon [_thread_blocked, id=13684, stack(0x00000023b3300000,0x00000023b3400000)]
  0x0000017a672dd000 JavaThread "Signal Dispatcher" daemon [_thread_blocked, id=19960, stack(0x00000023b3200000,0x00000023b3300000)]
  0x0000017a672b3000 JavaThread "Finalizer" daemon [_thread_blocked, id=27408, stack(0x00000023b3100000,0x00000023b3200000)]
  0x0000017a672af000 JavaThread "Reference Handler" daemon [_thread_blocked, id=26268, stack(0x00000023b3000000,0x00000023b3100000)]
  0x0000017a4b968800 JavaThread "main" [_thread_blocked, id=1600, stack(0x00000023b2400000,0x00000023b2500000)]

Other Threads:
  0x0000017a6645e800 VMThread [stack: 0x00000023b2f00000,0x00000023b3000000] [id=28124]
  0x0000017a68f87800 WatcherThread [stack: 0x00000023b3d00000,0x00000023b3e00000] [id=25604]

VM state:synchronizing (normal execution)

VM Mutex/Monitor currently owned by a thread:  ([mutex/lock_event])
[0x0000017a4b967370] Threads_lock - owner thread: 0x0000017a6645e800

heap address: 0x00000006c3600000, size: 4042 MB, Compressed Oops mode: Zero based, Oop shift amount: 3
Narrow klass base: 0x0000000000000000, Narrow klass shift: 3
Compressed class space size: 1073741824 Address: 0x00000007c0000000

Heap:
 PSYoungGen      total 140800K, used 100078K [0x000000076bd00000, 0x0000000775100000, 0x00000007c0000000)
  eden space 130048K, 68% used [0x000000076bd00000,0x0000000771442bf8,0x0000000773c00000)
  from space 10752K, 99% used [0x0000000774680000,0x00000007750f8fa0,0x0000000775100000)
  to   space 10752K, 0% used [0x0000000773c00000,0x0000000773c00000,0x0000000774680000)
 ParOldGen       total 173568K, used 7631K [0x00000006c3600000, 0x00000006cdf80000, 0x000000076bd00000)
  object space 173568K, 4% used [0x00000006c3600000,0x00000006c3d73c40,0x00000006cdf80000)
 Metaspace       used 9716K, capacity 9866K, committed 10112K, reserved 1058816K
  class space    used 1060K, capacity 1118K, committed 1152K, reserved 1048576K

Card table byte_map: [0x0000017a5c790000,0x0000017a5cf80000] byte_map_base: 0x0000017a59175000

Marking Bits: (ParMarkBitMap*) 0x0000000067214fb0
 Begin Bits: [0x0000017a5d4d0000, 0x0000017a613f8000)
 End Bits:   [0x0000017a613f8000, 0x0000017a65320000)

Polling page: 0x0000017a4bbf0000

CodeCache: size=245760Kb used=4366Kb max_used=4371Kb free=241394Kb
 bounds [0x0000017a4d3d0000, 0x0000017a4d820000, 0x0000017a5c3d0000]
 total_blobs=1419 nmethods=1058 adapters=274
 compilation: enabled

Compilation events (10 events):
Event: 2.215 Thread 0x0000017a68d67000 1059       3       core.World::update (124 bytes)
Event: 2.216 Thread 0x0000017a68d67000 nmethod 1059 0x0000017a4d812f50 code [0x0000017a4d8131a0, 0x0000017a4d813cd0]
Event: 2.216 Thread 0x0000017a68d67000 1060       3       ui.DTNSimTextUI::update (109 bytes)
Event: 2.216 Thread 0x0000017a68d67000 nmethod 1060 0x0000017a4d814150 code [0x0000017a4d814440, 0x0000017a4d815880]
Event: 2.240 Thread 0x0000017a68d66800 1061       4       java.util.ArrayList::remove (77 bytes)
Event: 2.243 Thread 0x0000017a68d66800 nmethod 1061 0x0000017a4d810e10 code [0x0000017a4d810f60, 0x0000017a4d811198]
Event: 2.244 Thread 0x0000017a68d65800 1062 %     4       movement.map.DijkstraPathFinder::getShortestPath @ 34 (155 bytes)
Event: 2.248 Thread 0x0000017a68d67000 1064       3       core.DTNHost::connectionUp (9 bytes)
Event: 2.248 Thread 0x0000017a68d67000 nmethod 1064 0x0000017a4d810590 code [0x0000017a4d810700, 0x0000017a4d810930]
Event: 2.249 Thread 0x0000017a68d67000 1065       3       core.NetworkInterface::notifyConnectionListeners (113 bytes)

GC Heap History (8 events):
Event: 1.765 GC heap before
{Heap before GC invocations=1 (full 0):
 PSYoungGen      total 75776K, used 65024K [0x000000076bd00000, 0x0000000771180000, 0x00000007c0000000)
  eden space 65024K, 100% used [0x000000076bd00000,0x000000076fc80000,0x000000076fc80000)
  from space 10752K, 0% used [0x0000000770700000,0x0000000770700000,0x0000000771180000)
  to   space 10752K, 0% used [0x000000076fc80000,0x000000076fc80000,0x0000000770700000)
 ParOldGen       total 173568K, used 0K [0x00000006c3600000, 0x00000006cdf80000, 0x000000076bd00000)
  object space 173568K, 0% used [0x00000006c3600000,0x00000006c3600000,0x00000006cdf80000)
 Metaspace       used 9438K, capacity 9546K, committed 9600K, reserved 1058816K
  class space    used 1048K, capacity 1118K, committed 1152K, reserved 1048576K
Event: 1.768 GC heap after
Heap after GC invocations=1 (full 0):
 PSYoungGen      total 75776K, used 5556K [0x000000076bd00000, 0x0000000771180000, 0x00000007c0000000)
  eden space 65024K, 0% used [0x000000076bd00000,0x000000076bd00000,0x000000076fc80000)
  from space 10752K, 51% used [0x000000076fc80000,0x00000007701ed278,0x0000000770700000)
  to   space 10752K, 0% used [0x0000000770700000,0x0000000770700000,0x0000000771180000)
 ParOldGen       total 173568K, used 16K [0x00000006c3600000, 0x00000006cdf80000, 0x000000076bd00000)
  object space 173568K, 0% used [0x00000006c3600000,0x00000006c3604000,0x00000006cdf80000)
 Metaspace       used 9438K, capacity 9546K, committed 9600K, reserved 1058816K
  class space    used 1048K, capacity 1118K, committed 1152K, reserved 1048576K
}
Event: 1.932 GC heap before
{Heap before GC invocations=2 (full 0):
 PSYoungGen      total 75776K, used 70580K [0x000000076bd00000, 0x0000000771180000, 0x00000007c0000000)
  eden space 65024K, 100% used [0x000000076bd00000,0x000000076fc80000,0x000000076fc80000)
  from space 10752K, 51% used [0x000000076fc80000,0x00000007701ed278,0x0000000770700000)
  to   space 10752K, 0% used [0x0000000770700000,0x0000000770700000,0x0000000771180000)
 ParOldGen       total 173568K, used 16K [0x00000006c3600000, 0x00000006cdf80000, 0x000000076bd00000)
  object space 173568K, 0% used [0x00000006c3600000,0x00000006c3604000,0x00000006cdf80000)
 Metaspace       used 9643K, capacity 9802K, committed 9856K, reserved 1058816K
  class space    used 1056K, capacity 1118K, committed 1152K, reserved 1048576K
Event: 1.939 GC heap after
Heap after GC invocations=2 (full 0):
 PSYoungGen      total 75776K, used 10739K [0x000000076bd00000, 0x0000000775100000, 0x00000007c0000000)
  eden space 65024K, 0% used [0x000000076bd00000,0x000000076bd00000,0x000000076fc80000)
  from space 10752K, 99% used [0x0000000770700000,0x000000077117cfb0,0x0000000771180000)
  to   space 10752K, 0% used [0x000000076fc80000,0x000000076fc80000,0x0000000770700000)
 ParOldGen       total 173568K, used 7391K [0x00000006c3600000, 0x00000006cdf80000, 0x000000076bd00000)
  object space 173568K, 4% used [0x00000006c3600000,0x00000006c3d37c40,0x00000006cdf80000)
 Metaspace       used 9643K, capacity 9802K, committed 9856K, reserved 1058816K
  class space    used 1056K, capacity 1118K, committed 1152K, reserved 1048576K
}
Event: 2.053 GC heap before
{Heap before GC invocations=3 (full 0):
 PSYoungGen      total 75776K, used 75763K [0x000000076bd00000, 0x0000000775100000, 0x00000007c0000000)
  eden space 65024K, 100% used [0x000000076bd00000,0x000000076fc80000,0x000000076fc80000)
  from space 10752K, 99% used [0x0000000770700000,0x000000077117cfb0,0x0000000771180000)
  to   space 10752K, 0% used [0x000000076fc80000,0x000000076fc80000,0x0000000770700000)
 ParOldGen       total 173568K, used 7391K [0x00000006c3600000, 0x00000006cdf80000, 0x000000076bd00000)
  object space 173568K, 4% used [0x00000006c3600000,0x00000006c3d37c40,0x00000006cdf80000)
 Metaspace       used 9663K, capacity 9866K, committed 10112K, reserved 1058816K
  class space    used 1057K, capacity 1118K, committed 1152K, reserved 1048576K
Event: 2.057 GC heap after
Heap after GC invocations=3 (full 0):
 PSYoungGen      total 75776K, used 10739K [0x000000076bd00000, 0x0000000775100000, 0x00000007c0000000)
  eden space 65024K, 0% used [0x000000076bd00000,0x000000076bd00000,0x000000076fc80000)
  from space 10752K, 99% used [0x000000076fc80000,0x00000007706fcfb0,0x0000000770700000)
  to   space 10752K, 0% used [0x0000000774680000,0x0000000774680000,0x0000000775100000)
 ParOldGen       total 173568K, used 7615K [0x00000006c3600000, 0x00000006cdf80000, 0x000000076bd00000)
  object space 173568K, 4% used [0x00000006c3600000,0x00000006c3d6fc40,0x00000006cdf80000)
 Metaspace       used 9663K, capacity 9866K, committed 10112K, reserved 1058816K
  class space    used 1057K, capacity 1118K, committed 1152K, reserved 1048576K
}
Event: 2.172 GC heap before
{Heap before GC invocations=4 (full 0):
 PSYoungGen      total 75776K, used 75763K [0x000000076bd00000, 0x0000000775100000, 0x00000007c0000000)
  eden space 65024K, 100% used [0x000000076bd00000,0x000000076fc80000,0x000000076fc80000)
  from space 10752K, 99% used [0x000000076fc80000,0x00000007706fcfb0,0x0000000770700000)
  to   space 10752K, 0% used [0x0000000774680000,0x0000000774680000,0x0000000775100000)
 ParOldGen       total 173568K, used 7615K [0x00000006c3600000, 0x00000006cdf80000, 0x000000076bd00000)
  object space 173568K, 4% used [0x00000006c3600000,0x00000006c3d6fc40,0x00000006cdf80000)
 Metaspace       used 9701K, capacity 9866K, committed 10112K, reserved 1058816K
  class space    used 1059K, capacity 1118K, committed 1152K, reserved 1048576K
Event: 2.177 GC heap after
Heap after GC invocations=4 (full 0):
 PSYoungGen      total 140800K, used 10723K [0x000000076bd00000, 0x0000000775100000, 0x00000007c0000000)
  eden space 130048K, 0% used [0x000000076bd00000,0x000000076bd00000,0x0000000773c00000)
  from space 10752K, 99% used [0x0000000774680000,0x00000007750f8fa0,0x0000000775100000)
  to   space 10752K, 0% used [0x0000000773c00000,0x0000000773c00000,0x0000000774680000)
 ParOldGen       total 173568K, used 7631K [0x00000006c3600000, 0x00000006cdf80000, 0x000000076bd00000)
  object space 173568K, 4% used [0x00000006c3600000,0x00000006c3d73c40,0x00000006cdf80000)
 Metaspace       used 9701K, capacity 9866K, committed 10112K, reserved 1058816K
  class space    used 1059K, capacity 1118K, committed 1152K, reserved 1048576K
}

Deoptimization events (10 events):
Event: 2.077 Thread 0x0000017a4b968800 Uncommon trap: reason=class_check action=maybe_recompile pc=0x0000017a4d76d138 method=java.util.AbstractCollection.toArray()[Ljava/lang/Object; @ 1
Event: 2.077 Thread 0x0000017a4b968800 Uncommon trap: reason=class_check action=maybe_recompile pc=0x0000017a4d76d138 method=java.util.AbstractCollection.toArray()[Ljava/lang/Object; @ 1
Event: 2.080 Thread 0x0000017a4b968800 Uncommon trap: reason=unstable_if action=reinterpret pc=0x0000017a4d76f550 method=core.Connection.isReadyForTransfer()Z @ 11
Event: 2.083 Thread 0x0000017a4b968800 Uncommon trap: reason=unstable_if action=reinterpret pc=0x0000017a4d7bd634 method=routing.ActiveRouter.update()V @ 14
Event: 2.089 Thread 0x0000017a4b968800 Uncommon trap: reason=class_check action=maybe_recompile pc=0x0000017a4d76d138 method=java.util.AbstractCollection.toArray()[Ljava/lang/Object; @ 1
Event: 2.098 Thread 0x0000017a4b968800 Uncommon trap: reason=unstable_if action=reinterpret pc=0x0000017a4d7cbf10 method=routing.ActiveRouter.canStartTransfer()Z @ 4
Event: 2.123 Thread 0x0000017a4b968800 Uncommon trap: reason=unstable_if action=reinterpret pc=0x0000017a4d7e06f0 method=routing.ActiveRouter.update()V @ 142
Event: 2.123 Thread 0x0000017a4b968800 Uncommon trap: reason=unstable_if action=reinterpret pc=0x0000017a4d7d7100 method=routing.ActiveRouter.update()V @ 142
Event: 2.123 Thread 0x0000017a4b968800 Uncommon trap: reason=unstable_if action=reinterpret pc=0x0000017a4d7c71f8 method=routing.ActiveRouter.update()V @ 142
Event: 2.126 Thread 0x0000017a4b968800 Uncommon trap: reason=unstable_if action=reinterpret pc=0x0000017a4d75d110 method=java.util.HashMap.hash(Ljava/lang/Object;)I @ 1

Classes redefined (0 events):
No events

Internal exceptions (10 events):
Event: 0.610 Thread 0x0000017a4b968800 Exception <a 'java/lang/ArrayIndexOutOfBoundsException': 55> (0x000000076c21ee88) thrown at [C:\jenkins\workspace\8-2-build-windows-amd64-cygwin\jdk8u261\295\hotspot\src\share\vm\interpreter\interpreterRuntime.cpp, line 368]
Event: 0.614 Thread 0x0000017a4b968800 Exception <a 'java/lang/ArrayIndexOutOfBoundsException': 38> (0x000000076c2445f8) thrown at [C:\jenkins\workspace\8-2-build-windows-amd64-cygwin\jdk8u261\295\hotspot\src\share\vm\interpreter\interpreterRuntime.cpp, line 368]
Event: 0.617 Thread 0x0000017a4b968800 Exception <a 'java/lang/ArrayIndexOutOfBoundsException': 49> (0x000000076c253930) thrown at [C:\jenkins\workspace\8-2-build-windows-amd64-cygwin\jdk8u261\295\hotspot\src\share\vm\interpreter\interpreterRuntime.cpp, line 368]
Event: 0.626 Thread 0x0000017a4b968800 Exception <a 'java/security/PrivilegedActionException'> (0x000000076c2813f0) thrown at [C:\jenkins\workspace\8-2-build-windows-amd64-cygwin\jdk8u261\295\hotspot\src\share\vm\prims\jvm.cpp, line 1512]
Event: 0.626 Thread 0x0000017a4b968800 Exception <a 'java/lang/ArrayIndexOutOfBoundsException': 22> (0x000000076c2824e8) thrown at [C:\jenkins\workspace\8-2-build-windows-amd64-cygwin\jdk8u261\295\hotspot\src\share\vm\interpreter\interpreterRuntime.cpp, line 368]
Event: 0.626 Thread 0x0000017a4b968800 Exception <a 'java/lang/ArrayIndexOutOfBoundsException': 160> (0x000000076c2840d0) thrown at [C:\jenkins\workspace\8-2-build-windows-amd64-cygwin\jdk8u261\295\hotspot\src\share\vm\interpreter\interpreterRuntime.cpp, line 368]
Event: 0.626 Thread 0x0000017a4b968800 Exception <a 'java/lang/ArrayIndexOutOfBoundsException': 22> (0x000000076c2862f8) thrown at [C:\jenkins\workspace\8-2-build-windows-amd64-cygwin\jdk8u261\295\hotspot\src\share\vm\interpreter\interpreterRuntime.cpp, line 368]
Event: 0.626 Thread 0x0000017a4b968800 Exception <a 'java/lang/ArrayIndexOutOfBoundsException': 22> (0x000000076c287a58) thrown at [C:\jenkins\workspace\8-2-build-windows-amd64-cygwin\jdk8u261\295\hotspot\src\share\vm\interpreter\interpreterRuntime.cpp, line 368]
Event: 0.626 Thread 0x0000017a4b968800 Exception <a 'java/lang/ArrayIndexOutOfBoundsException': 22> (0x000000076c28a1b8) thrown at [C:\jenkins\workspace\8-2-build-windows-amd64-cygwin\jdk8u261\295\hotspot\src\share\vm\interpreter\interpreterRuntime.cpp, line 368]
Event: 2.126 Thread 0x0000017a4b968800 Implicit null exception at 0x0000017a4d75cd75 to 0x0000017a4d75d101

Events (10 events):
Event: 2.233 Executing VM operation: GetAllStackTraces
Event: 2.233 Executing VM operation: GetAllStackTraces done
Event: 2.242 loading class org/netbeans/lib/profiler/wireprotocol/EventBufferDumpedCommand
Event: 2.242 loading class org/netbeans/lib/profiler/wireprotocol/EventBufferDumpedCommand done
Event: 2.244 Executing VM operation: GetAllStackTraces
Event: 2.244 Executing VM operation: GetAllStackTraces done
Event: 2.248 loading class org/netbeans/lib/profiler/wireprotocol/DumpResultsResponse
Event: 2.248 loading class org/netbeans/lib/profiler/wireprotocol/DumpResultsResponse done
Event: 2.249 loading class org/netbeans/lib/profiler/wireprotocol/GetMethodNamesForJMethodIdsCommand
Event: 2.249 loading class org/netbeans/lib/profiler/wireprotocol/GetMethodNamesForJMethodIdsCommand done


Dynamic libraries:
0x00007ff728570000 - 0x00007ff7285b7000 	C:\Program Files\Java\jdk1.8.0_261\bin\java.exe
0x00007ff9af0b0000 - 0x00007ff9af2c7000 	C:\WINDOWS\SYSTEM32\ntdll.dll
0x00007ff9acea0000 - 0x00007ff9acf64000 	C:\WINDOWS\System32\KERNEL32.DLL
0x00007ff9ac3e0000 - 0x00007ff9ac78c000 	C:\WINDOWS\System32\KERNELBASE.dll
0x00007ff9aef50000 - 0x00007ff9af002000 	C:\WINDOWS\System32\ADVAPI32.dll
0x00007ff9ae0f0000 - 0x00007ff9ae197000 	C:\WINDOWS\System32\msvcrt.dll
0x00007ff9acf70000 - 0x00007ff9ad01a000 	C:\WINDOWS\System32\sechost.dll
0x00007ff9acb10000 - 0x00007ff9acb38000 	C:\WINDOWS\System32\bcrypt.dll
0x00007ff9ae5c0000 - 0x00007ff9ae6d5000 	C:\WINDOWS\System32\RPCRT4.dll
0x00007ff9ae410000 - 0x00007ff9ae5be000 	C:\WINDOWS\System32\USER32.dll
0x00007ff9ac790000 - 0x00007ff9ac7b6000 	C:\WINDOWS\System32\win32u.dll
0x00007ff9aebd0000 - 0x00007ff9aebf9000 	C:\WINDOWS\System32\GDI32.dll
0x00007ff9acbb0000 - 0x00007ff9accc9000 	C:\WINDOWS\System32\gdi32full.dll
0x00007ff9ac880000 - 0x00007ff9ac91a000 	C:\WINDOWS\System32\msvcp_win.dll
0x00007ff9accd0000 - 0x00007ff9acde1000 	C:\WINDOWS\System32\ucrtbase.dll
0x00007ff9925d0000 - 0x00007ff992863000 	C:\WINDOWS\WinSxS\amd64_microsoft.windows.common-controls_6595b64144ccf1df_6.0.22621.3672_none_2713b9d173822955\COMCTL32.dll
0x00007ff9ad020000 - 0x00007ff9ad051000 	C:\WINDOWS\System32\IMM32.DLL
0x00007ff9a79a0000 - 0x00007ff9a79b5000 	C:\Program Files\Java\jdk1.8.0_261\jre\bin\vcruntime140.dll
0x00007ff97b5f0000 - 0x00007ff97b68b000 	C:\Program Files\Java\jdk1.8.0_261\jre\bin\msvcp140.dll
0x0000000066a20000 - 0x000000006728c000 	C:\Program Files\Java\jdk1.8.0_261\jre\bin\server\jvm.dll
0x00007ff9aebc0000 - 0x00007ff9aebc8000 	C:\WINDOWS\System32\PSAPI.DLL
0x00007ff987c00000 - 0x00007ff987c09000 	C:\WINDOWS\SYSTEM32\WSOCK32.dll
0x00007ff9a6290000 - 0x00007ff9a629a000 	C:\WINDOWS\SYSTEM32\VERSION.dll
0x00007ff9a3e00000 - 0x00007ff9a3e34000 	C:\WINDOWS\SYSTEM32\WINMM.dll
0x00007ff9ae390000 - 0x00007ff9ae401000 	C:\WINDOWS\System32\WS2_32.dll
0x00007ff9ab500000 - 0x00007ff9ab518000 	C:\WINDOWS\SYSTEM32\kernel.appcore.dll
0x00007ff9a7950000 - 0x00007ff9a7960000 	C:\Program Files\Java\jdk1.8.0_261\jre\bin\verify.dll
0x00007ff9a7920000 - 0x00007ff9a794b000 	C:\Program Files\Java\jdk1.8.0_261\jre\bin\java.dll
0x00007ff9a60e0000 - 0x00007ff9a60ef000 	C:\Users\hp\AppData\Roaming\NetBeans\8.2\lib\deployed\jdk16\windows-amd64\profilerinterface.dll
0x00007ff9a60f0000 - 0x00007ff9a6108000 	C:\Program Files\Java\jdk1.8.0_261\jre\bin\zip.dll
0x00007ff9ad810000 - 0x00007ff9ae06c000 	C:\WINDOWS\System32\SHELL32.dll
0x00007ff9aa330000 - 0x00007ff9aac27000 	C:\WINDOWS\SYSTEM32\windows.storage.dll
0x00007ff9ad470000 - 0x00007ff9ad7f8000 	C:\WINDOWS\System32\combase.dll
0x00007ff9aa1f0000 - 0x00007ff9aa32f000 	C:\WINDOWS\SYSTEM32\wintypes.dll
0x00007ff9aecd0000 - 0x00007ff9aedc4000 	C:\WINDOWS\System32\SHCORE.dll
0x00007ff9ae6e0000 - 0x00007ff9ae73e000 	C:\WINDOWS\System32\shlwapi.dll
0x00007ff9ac310000 - 0x00007ff9ac331000 	C:\WINDOWS\SYSTEM32\profapi.dll
0x00007ff9a3080000 - 0x00007ff9a309c000 	C:\Program Files\Java\jdk1.8.0_261\jre\bin\net.dll
0x00007ff9ab970000 - 0x00007ff9ab9d9000 	C:\WINDOWS\system32\mswsock.dll
0x00007ff9a91e0000 - 0x00007ff9a91ed000 	C:\Program Files\Java\jdk1.8.0_261\jre\bin\management.dll
0x00007ff9a3060000 - 0x00007ff9a3073000 	C:\Program Files\Java\jdk1.8.0_261\jre\bin\nio.dll
0x00007ff9abbe0000 - 0x00007ff9abbfb000 	C:\WINDOWS\SYSTEM32\CRYPTSP.dll
0x00007ff9ab460000 - 0x00007ff9ab495000 	C:\WINDOWS\system32\rsaenh.dll
0x00007ff9aba70000 - 0x00007ff9aba98000 	C:\WINDOWS\SYSTEM32\USERENV.dll
0x00007ff9ac920000 - 0x00007ff9ac99b000 	C:\WINDOWS\System32\bcryptprimitives.dll
0x00007ff9abbd0000 - 0x00007ff9abbdc000 	C:\WINDOWS\SYSTEM32\CRYPTBASE.dll
0x00007ff9aae90000 - 0x00007ff9aaebd000 	C:\WINDOWS\SYSTEM32\IPHLPAPI.DLL
0x00007ff9ae1a0000 - 0x00007ff9ae1a9000 	C:\WINDOWS\System32\NSI.dll
0x00007ff9a8c70000 - 0x00007ff9a8c89000 	C:\WINDOWS\SYSTEM32\dhcpcsvc6.DLL
0x00007ff9a88e0000 - 0x00007ff9a88ff000 	C:\WINDOWS\SYSTEM32\dhcpcsvc.DLL
0x00007ff9aaf00000 - 0x00007ff9aaff8000 	C:\WINDOWS\SYSTEM32\DNSAPI.dll
0x00007ff9a99e0000 - 0x00007ff9a9c12000 	C:\WINDOWS\SYSTEM32\dbghelp.dll
0x00007ff9ae2b0000 - 0x00007ff9ae387000 	C:\WINDOWS\System32\OLEAUT32.dll

VM Arguments:
jvm_args: -Dfile.encoding=UTF-8 -agentpath:C:/Users/hp/AppData/Roaming/NetBeans/8.2/lib/deployed/jdk16/windows-amd64/profilerinterface.dll=C:\Users\hp\AppData\Roaming\NetBeans\8.2\lib,5140,10 -XX:+HeapDumpOnOutOfMemoryError -XX:HeapDumpPath=C:\Users\hp\Documents\NetBeansProjects\OneSimAlfryan\nbproject\private\profiler 
java_command: core.DTNSim -b 1 default_settings_routing_Fuzzy.txt
java_class_path (initial): C:\Program Files\NetBeans 8.2\platform\modules\ext\junit-4.12.jar;C:\Users\hp\Documents\NetBeansProjects\OneSimBima\build\classes\lib\DTNConsoleConnection.jar;C:\Users\hp\Documents\NetBeansProjects\OneSimBima\build\classes\lib\ECLA.jar;C:\Users\hp\Documents\NetBeansProjects\OneSimBima\build\classes\lib\jFuzzyLogic.jar;C:\Users\hp\Documents\NetBeansProjects\OneSimBima\build\classes\lib\uncommons-maths-1.2.1.jar;C:\Users\hp\Documents\NetBeansProjects\OneSimAlfryan\build\classes
Launcher Type: SUN_STANDARD

Environment Variables:
PATH=C:\Program Files (x86)\Common Files\Oracle\Java\javapath;C:\Program Files\Common Files\Oracle\Java\javapath;C:\Program Files (x86)\VMware\VMware Workstation\bin\;C:\app\hp\product\18.0.0\dbhomeXE\bin;D:\Downloads\WINDOWS.X64_193000_db_home\bin;C:\windows\system32;C:\windows;C:\windows\System32\Wbem;C:\windows\System32\WindowsPowerShell\v1.0\;C:\windows\System32\OpenSSH\;C:\Program Files (x86)\NVIDIA Corporation\PhysX\Common;C:\Program Files\NVIDIA Corporation\NVIDIA NvDLISR;C:\Program Files\Java\jre1.8.0_261\bin;C:\Program Files\Java\jdk1.8.0_261\bin;C:\Program Files\Git\cmd;C:\xampp\php;C:\ProgramData\ComposerSetup\bin;C:\Program Files\PuTTY\;C:\WINDOWS\system32;C:\WINDOWS;C:\WINDOWS\System32\Wbem;C:\WINDOWS\System32\WindowsPowerShell\v1.0\;C:\WINDOWS\System32\OpenSSH\;C:\Program Files\dotnet\;C:\Program Files\MATLAB\R2024a\bin;C:\Users\hp\AppData\Local\Programs\Python\Python310\Scripts\;C:\Users\hp\AppData\Local\Programs\Python\Python310\;C:\Users\hp\AppData\Local\Microsoft\WindowsApps;C:\Users\hp\AppData\Local\Programs\Microsoft VS Code\bin;C:\Users\hp\AppData\Roaming\Composer\vendor\bin;C:\Program Files (x86)\Nmap;
USERNAME=hp
OS=Windows_NT
PROCESSOR_IDENTIFIER=Intel64 Family 6 Model 165 Stepping 2, GenuineIntel



---------------  S Y S T E M  ---------------

OS: Windows 10.0 , 64 bit Build 22621 (10.0.22621.3672)

CPU:total 12 (initial active 12) (6 cores per cpu, 2 threads per core) family 6 model 165 stepping 2, cmov, cx8, fxsr, mmx, sse, sse2, sse3, ssse3, sse4.1, sse4.2, popcnt, avx, avx2, aes, clmul, erms, 3dnowpref, lzcnt, ht, tsc, tscinvbit, bmi1, bmi2, adx

Memory: 4k page, physical 16547956k(6097748k free), swap 33325172k(16718236k free)

vm_info: Java HotSpot(TM) 64-Bit Server VM (25.261-b12) for windows-amd64 JRE (1.8.0_261-b12), built on Jun 18 2020 06:56:32 by "" with unknown MS VC++:1916

time: Sat Jul  6 00:11:43 2024
timezone: SE Asia Standard Time
elapsed time: 2 seconds (0d 0h 0m 2s)

